[debug] [2025-08-08T11:19:52.132Z] ----------------------------------------------------------------------
[debug] [2025-08-08T11:19:52.137Z] Command:       C:\Program Files\nodejs\node.exe C:\Users\USER\AppData\Roaming\npm\node_modules\firebase-tools\lib\bin\firebase.js init
[debug] [2025-08-08T11:19:52.137Z] CLI Version:   14.12.0
[debug] [2025-08-08T11:19:52.138Z] Platform:      win32
[debug] [2025-08-08T11:19:52.138Z] Node Version:  v22.14.0
[debug] [2025-08-08T11:19:52.138Z] Time:          Fri Aug 08 2025 12:19:52 GMT+0100 (West Africa Standard Time)
[debug] [2025-08-08T11:19:52.139Z] ----------------------------------------------------------------------
[debug] 
[debug] [2025-08-08T11:19:52.151Z] > command requires scopes: ["email","openid","https://www.googleapis.com/auth/cloudplatformprojects.readonly","https://www.googleapis.com/auth/firebase","https://www.googleapis.com/auth/cloud-platform"]
[debug] [2025-08-08T11:19:52.152Z] > authorizing via signed-in user (elitespot.com@gmail.com)
[info] 
     ######## #### ########  ######## ########     ###     ######  ########
     ##        ##  ##     ## ##       ##     ##  ##   ##  ##       ##
     ######    ##  ########  ######   ########  #########  ######  ######
     ##        ##  ##    ##  ##       ##     ## ##     ##       ## ##
     ##       #### ##     ## ######## ########  ##     ##  ######  ########

You're about to initialize a Firebase project in this directory:

  C:\Users\USER\Desktop\volunteering-website

[info] 
=== Project Setup
[info] 
[info] First, let's associate this project directory with a Firebase project.
[info] You can create multiple project aliases by running firebase use --add, 
[info] but for now we'll just set up a default project.
[info] 
[info] i  If you want to create a project in a Google Cloud organization or folder, please use "firebase projects:create" instead, and return to this command when you've created the project. 
[debug] [2025-08-08T11:20:35.267Z] ExitPromptError: User force closed the prompt with SIGINT
    at Interface.sigint (C:\Users\USER\AppData\Roaming\npm\node_modules\firebase-tools\node_modules\@inquirer\core\dist\commonjs\lib\create-prompt.js:101:37)
    at Interface.emit (node:events:518:28)
    at Interface.emit (node:domain:489:12)
    at [_ttyWrite] [as _ttyWrite] (node:internal/readline/interface:1124:18)
    at ReadStream.onkeypress (node:internal/readline/interface:263:20)
    at ReadStream.emit (node:events:530:35)
    at ReadStream.emit (node:domain:489:12)
    at emitKeys (node:internal/readline/utils:370:14)
    at emitKeys.next (<anonymous>)
    at ReadStream.onData (node:internal/readline/emitKeypressEvents:64:36)
[error] 
[error] Error: An unexpected error has occurred.
[debug] [2025-08-08T11:20:43.260Z] ----------------------------------------------------------------------
[debug] [2025-08-08T11:20:43.264Z] Command:       C:\Program Files\nodejs\node.exe C:\Users\USER\AppData\Roaming\npm\node_modules\firebase-tools\lib\bin\firebase.js init
[debug] [2025-08-08T11:20:43.265Z] CLI Version:   14.12.0
[debug] [2025-08-08T11:20:43.265Z] Platform:      win32
[debug] [2025-08-08T11:20:43.265Z] Node Version:  v22.14.0
[debug] [2025-08-08T11:20:43.265Z] Time:          Fri Aug 08 2025 12:20:43 GMT+0100 (West Africa Standard Time)
[debug] [2025-08-08T11:20:43.266Z] ----------------------------------------------------------------------
[debug] 
[debug] [2025-08-08T11:20:43.275Z] > command requires scopes: ["email","openid","https://www.googleapis.com/auth/cloudplatformprojects.readonly","https://www.googleapis.com/auth/firebase","https://www.googleapis.com/auth/cloud-platform"]
[debug] [2025-08-08T11:20:43.276Z] > authorizing via signed-in user (elitespot.com@gmail.com)
[info] 
     ######## #### ########  ######## ########     ###     ######  ########
     ##        ##  ##     ## ##       ##     ##  ##   ##  ##       ##
     ######    ##  ########  ######   ########  #########  ######  ######
     ##        ##  ##    ##  ##       ##     ## ##     ##       ## ##
     ##       #### ##     ## ######## ########  ##     ##  ######  ########

You're about to initialize a Firebase project in this directory:

  C:\Users\USER\Desktop\volunteering-website

[info] 
=== Project Setup
[info] 
[info] First, let's associate this project directory with a Firebase project.
[info] You can create multiple project aliases by running firebase use --add, 
[info] but for now we'll just set up a default project.
[info] 
[info] i  If you want to create a project in a Google Cloud organization or folder, please use "firebase projects:create" instead, and return to this command when you've created the project. 
[debug] [2025-08-08T11:21:19.733Z] Checked if tokens are valid: true, expires at: 1754655259646
[debug] [2025-08-08T11:21:19.734Z] Checked if tokens are valid: true, expires at: 1754655259646
[debug] [2025-08-08T11:21:19.737Z] >>> [apiv2][query] POST https://firebase.googleapis.com/v1/projects:checkProjectId [none]
[debug] [2025-08-08T11:21:19.737Z] >>> [apiv2][body] POST https://firebase.googleapis.com/v1/projects:checkProjectId {"proposedId":"volunteer-a61d3"}
[debug] [2025-08-08T11:21:23.296Z] <<< [apiv2][status] POST https://firebase.googleapis.com/v1/projects:checkProjectId 200
[debug] [2025-08-08T11:21:23.296Z] <<< [apiv2][body] POST https://firebase.googleapis.com/v1/projects:checkProjectId {"projectIdStatus":"PROJECT_ID_UNAVAILABLE","suggestedProjectId":"volunteer-a61d3-eacfc"}
[debug] [2025-08-08T11:21:33.473Z] Checked if tokens are valid: true, expires at: 1754655259646
[debug] [2025-08-08T11:21:33.474Z] Checked if tokens are valid: true, expires at: 1754655259646
[debug] [2025-08-08T11:21:33.475Z] >>> [apiv2][query] POST https://firebase.googleapis.com/v1/projects:checkProjectId [none]
[debug] [2025-08-08T11:21:33.476Z] >>> [apiv2][body] POST https://firebase.googleapis.com/v1/projects:checkProjectId {"proposedId":"volunteer-000"}
[debug] [2025-08-08T11:21:34.381Z] <<< [apiv2][status] POST https://firebase.googleapis.com/v1/projects:checkProjectId 200
[debug] [2025-08-08T11:21:34.381Z] <<< [apiv2][body] POST https://firebase.googleapis.com/v1/projects:checkProjectId {"projectIdStatus":"PROJECT_ID_AVAILABLE","suggestedProjectId":"volunteer-000"}
[debug] [2025-08-08T11:21:48.004Z] Checked if tokens are valid: true, expires at: 1754655259646
[debug] [2025-08-08T11:21:48.004Z] Checked if tokens are valid: true, expires at: 1754655259646
[debug] [2025-08-08T11:21:48.005Z] >>> [apiv2][query] POST https://cloudresourcemanager.googleapis.com/v1/projects [none]
[debug] [2025-08-08T11:21:48.005Z] >>> [apiv2][body] POST https://cloudresourcemanager.googleapis.com/v1/projects {"projectId":"volunteer-000","name":"volunteer-000"}
[debug] [2025-08-08T11:21:51.135Z] <<< [apiv2][status] POST https://cloudresourcemanager.googleapis.com/v1/projects 200
[debug] [2025-08-08T11:21:51.136Z] <<< [apiv2][body] POST https://cloudresourcemanager.googleapis.com/v1/projects {"name":"operations/create_project.global.6139829462556266696"}
[debug] [2025-08-08T11:21:51.143Z] Checked if tokens are valid: true, expires at: 1754655259646
[debug] [2025-08-08T11:21:51.145Z] Checked if tokens are valid: true, expires at: 1754655259646
[debug] [2025-08-08T11:21:51.147Z] >>> [apiv2][query] GET https://cloudresourcemanager.googleapis.com/v1/operations/create_project.global.6139829462556266696 [none]
[debug] [2025-08-08T11:21:51.913Z] <<< [apiv2][status] GET https://cloudresourcemanager.googleapis.com/v1/operations/create_project.global.6139829462556266696 200
[debug] [2025-08-08T11:21:51.914Z] <<< [apiv2][body] GET https://cloudresourcemanager.googleapis.com/v1/operations/create_project.global.6139829462556266696 {"name":"operations/create_project.global.6139829462556266696"}
[debug] [2025-08-08T11:21:52.418Z] [Project Creation Poller] Retrying task index 0
[debug] [2025-08-08T11:21:52.419Z] Checked if tokens are valid: true, expires at: 1754655259646
[debug] [2025-08-08T11:21:52.419Z] Checked if tokens are valid: true, expires at: 1754655259646
[debug] [2025-08-08T11:21:52.420Z] >>> [apiv2][query] GET https://cloudresourcemanager.googleapis.com/v1/operations/create_project.global.6139829462556266696 [none]
[debug] [2025-08-08T11:21:53.106Z] <<< [apiv2][status] GET https://cloudresourcemanager.googleapis.com/v1/operations/create_project.global.6139829462556266696 200
[debug] [2025-08-08T11:21:53.107Z] <<< [apiv2][body] GET https://cloudresourcemanager.googleapis.com/v1/operations/create_project.global.6139829462556266696 {"name":"operations/create_project.global.6139829462556266696","metadata":{"@type":"type.googleapis.com/google.cloudresourcemanager.v1.ProjectCreationStatus","gettable":true,"ready":true},"done":true,"response":{"@type":"type.googleapis.com/google.cloudresourcemanager.v1.Project","projectNumber":"1051748139306","projectId":"volunteer-000","lifecycleState":"ACTIVE","name":"volunteer-000","createTime":"2025-08-08T11:21:15.059495Z"}}
[debug] [2025-08-08T11:21:53.111Z] Checked if tokens are valid: true, expires at: 1754655259646
[debug] [2025-08-08T11:21:53.111Z] Checked if tokens are valid: true, expires at: 1754655259646
[debug] [2025-08-08T11:21:53.112Z] >>> [apiv2][query] POST https://firebase.googleapis.com/v1beta1/projects/volunteer-000:addFirebase [none]
[debug] [2025-08-08T11:22:01.353Z] <<< [apiv2][status] POST https://firebase.googleapis.com/v1beta1/projects/volunteer-000:addFirebase 200
[debug] [2025-08-08T11:22:01.354Z] <<< [apiv2][body] POST https://firebase.googleapis.com/v1beta1/projects/volunteer-000:addFirebase {"name":"operations/workflows/ZjdjN2U1ODUtMTU5My00Mzg2LTkxYmQtNDZhYjk5NjcxNDk2"}
[debug] [2025-08-08T11:22:01.354Z] Checked if tokens are valid: true, expires at: 1754655259646
[debug] [2025-08-08T11:22:01.354Z] Checked if tokens are valid: true, expires at: 1754655259646
[debug] [2025-08-08T11:22:01.355Z] >>> [apiv2][query] GET https://firebase.googleapis.com/v1beta1/operations/workflows/ZjdjN2U1ODUtMTU5My00Mzg2LTkxYmQtNDZhYjk5NjcxNDk2 [none]
[debug] [2025-08-08T11:22:02.664Z] <<< [apiv2][status] GET https://firebase.googleapis.com/v1beta1/operations/workflows/ZjdjN2U1ODUtMTU5My00Mzg2LTkxYmQtNDZhYjk5NjcxNDk2 200
[debug] [2025-08-08T11:22:02.664Z] <<< [apiv2][body] GET https://firebase.googleapis.com/v1beta1/operations/workflows/ZjdjN2U1ODUtMTU5My00Mzg2LTkxYmQtNDZhYjk5NjcxNDk2 {"name":"operations/workflows/ZjdjN2U1ODUtMTU5My00Mzg2LTkxYmQtNDZhYjk5NjcxNDk2"}
[debug] [2025-08-08T11:22:03.166Z] [Add Firebase Poller] Retrying task index 0
[debug] [2025-08-08T11:22:03.167Z] Checked if tokens are valid: true, expires at: 1754655259646
[debug] [2025-08-08T11:22:03.167Z] Checked if tokens are valid: true, expires at: 1754655259646
[debug] [2025-08-08T11:22:03.169Z] >>> [apiv2][query] GET https://firebase.googleapis.com/v1beta1/operations/workflows/ZjdjN2U1ODUtMTU5My00Mzg2LTkxYmQtNDZhYjk5NjcxNDk2 [none]
[debug] [2025-08-08T11:22:04.350Z] <<< [apiv2][status] GET https://firebase.googleapis.com/v1beta1/operations/workflows/ZjdjN2U1ODUtMTU5My00Mzg2LTkxYmQtNDZhYjk5NjcxNDk2 200
[debug] [2025-08-08T11:22:04.350Z] <<< [apiv2][body] GET https://firebase.googleapis.com/v1beta1/operations/workflows/ZjdjN2U1ODUtMTU5My00Mzg2LTkxYmQtNDZhYjk5NjcxNDk2 {"name":"operations/workflows/ZjdjN2U1ODUtMTU5My00Mzg2LTkxYmQtNDZhYjk5NjcxNDk2"}
[debug] [2025-08-08T11:22:05.364Z] [Add Firebase Poller] Retrying task index 0
[debug] [2025-08-08T11:22:05.364Z] Checked if tokens are valid: true, expires at: 1754655259646
[debug] [2025-08-08T11:22:05.364Z] Checked if tokens are valid: true, expires at: 1754655259646
[debug] [2025-08-08T11:22:05.365Z] >>> [apiv2][query] GET https://firebase.googleapis.com/v1beta1/operations/workflows/ZjdjN2U1ODUtMTU5My00Mzg2LTkxYmQtNDZhYjk5NjcxNDk2 [none]
[debug] [2025-08-08T11:22:06.774Z] <<< [apiv2][status] GET https://firebase.googleapis.com/v1beta1/operations/workflows/ZjdjN2U1ODUtMTU5My00Mzg2LTkxYmQtNDZhYjk5NjcxNDk2 200
[debug] [2025-08-08T11:22:06.776Z] <<< [apiv2][body] GET https://firebase.googleapis.com/v1beta1/operations/workflows/ZjdjN2U1ODUtMTU5My00Mzg2LTkxYmQtNDZhYjk5NjcxNDk2 {"name":"operations/workflows/ZjdjN2U1ODUtMTU5My00Mzg2LTkxYmQtNDZhYjk5NjcxNDk2"}
[debug] [2025-08-08T11:22:08.783Z] [Add Firebase Poller] Retrying task index 0
[debug] [2025-08-08T11:22:08.784Z] Checked if tokens are valid: true, expires at: 1754655259646
[debug] [2025-08-08T11:22:08.784Z] Checked if tokens are valid: true, expires at: 1754655259646
[debug] [2025-08-08T11:22:08.784Z] >>> [apiv2][query] GET https://firebase.googleapis.com/v1beta1/operations/workflows/ZjdjN2U1ODUtMTU5My00Mzg2LTkxYmQtNDZhYjk5NjcxNDk2 [none]
[debug] [2025-08-08T11:22:10.045Z] <<< [apiv2][status] GET https://firebase.googleapis.com/v1beta1/operations/workflows/ZjdjN2U1ODUtMTU5My00Mzg2LTkxYmQtNDZhYjk5NjcxNDk2 200
[debug] [2025-08-08T11:22:10.045Z] <<< [apiv2][body] GET https://firebase.googleapis.com/v1beta1/operations/workflows/ZjdjN2U1ODUtMTU5My00Mzg2LTkxYmQtNDZhYjk5NjcxNDk2 {"name":"operations/workflows/ZjdjN2U1ODUtMTU5My00Mzg2LTkxYmQtNDZhYjk5NjcxNDk2"}
[debug] [2025-08-08T11:22:14.066Z] [Add Firebase Poller] Retrying task index 0
[debug] [2025-08-08T11:22:14.067Z] Checked if tokens are valid: true, expires at: 1754655259646
[debug] [2025-08-08T11:22:14.067Z] Checked if tokens are valid: true, expires at: 1754655259646
[debug] [2025-08-08T11:22:14.067Z] >>> [apiv2][query] GET https://firebase.googleapis.com/v1beta1/operations/workflows/ZjdjN2U1ODUtMTU5My00Mzg2LTkxYmQtNDZhYjk5NjcxNDk2 [none]
[debug] [2025-08-08T11:22:15.588Z] <<< [apiv2][status] GET https://firebase.googleapis.com/v1beta1/operations/workflows/ZjdjN2U1ODUtMTU5My00Mzg2LTkxYmQtNDZhYjk5NjcxNDk2 200
[debug] [2025-08-08T11:22:15.589Z] <<< [apiv2][body] GET https://firebase.googleapis.com/v1beta1/operations/workflows/ZjdjN2U1ODUtMTU5My00Mzg2LTkxYmQtNDZhYjk5NjcxNDk2 {"name":"operations/workflows/ZjdjN2U1ODUtMTU5My00Mzg2LTkxYmQtNDZhYjk5NjcxNDk2","done":true,"response":{"@type":"type.googleapis.com/google.firebase.service.v1beta1.FirebaseProject","projectId":"volunteer-000","projectNumber":"1051748139306","displayName":"volunteer-000","name":"projects/volunteer-000","resources":{"hostingSite":"volunteer-000"}}}
[info] 
[info] === Your Firebase project is ready! ===
[info] 
[info] Project information:
[info]    - Project ID: volunteer-000
[info]    - Project Name: volunteer-000
[info] 
[info] Firebase console is available at
[info] https://console.firebase.google.com/project/volunteer-000/overview
[info] i  Using project volunteer-000 (volunteer-000) 
[info] 
=== Dataconnect Setup
[debug] [2025-08-08T11:22:18.726Z] Checked if tokens are valid: true, expires at: 1754655259646
[debug] [2025-08-08T11:22:18.727Z] Checked if tokens are valid: true, expires at: 1754655259646
[debug] [2025-08-08T11:22:18.727Z] >>> [apiv2][query] GET https://cloudbilling.googleapis.com/v1/projects/volunteer-000/billingInfo [none]
[debug] [2025-08-08T11:22:21.429Z] <<< [apiv2][status] GET https://cloudbilling.googleapis.com/v1/projects/volunteer-000/billingInfo 200
[debug] [2025-08-08T11:22:21.431Z] <<< [apiv2][body] GET https://cloudbilling.googleapis.com/v1/projects/volunteer-000/billingInfo {"name":"projects/volunteer-000/billingInfo","projectId":"volunteer-000","billingAccountName":"","billingEnabled":false}
[info] i  dataconnect: ensuring required API sqladmin.googleapis.com is enabled... 
[debug] [2025-08-08T11:22:21.436Z] Checked if tokens are valid: true, expires at: 1754655259646
[debug] [2025-08-08T11:22:21.436Z] Checked if tokens are valid: true, expires at: 1754655259646
[debug] [2025-08-08T11:22:21.437Z] >>> [apiv2][query] GET https://serviceusage.googleapis.com/v1/projects/volunteer-000/services/sqladmin.googleapis.com [none]
[debug] [2025-08-08T11:22:21.437Z] >>> [apiv2][(partial)header] GET https://serviceusage.googleapis.com/v1/projects/volunteer-000/services/sqladmin.googleapis.com x-goog-quota-user=projects/volunteer-000
[debug] [2025-08-08T11:22:27.477Z] <<< [apiv2][status] GET https://serviceusage.googleapis.com/v1/projects/volunteer-000/services/sqladmin.googleapis.com 200
[debug] [2025-08-08T11:22:27.477Z] <<< [apiv2][body] GET https://serviceusage.googleapis.com/v1/projects/volunteer-000/services/sqladmin.googleapis.com [omitted]
[warn] !  dataconnect: missing required API sqladmin.googleapis.com. Enabling now... 
[debug] [2025-08-08T11:22:27.479Z] Checked if tokens are valid: true, expires at: 1754655259646
[debug] [2025-08-08T11:22:27.479Z] Checked if tokens are valid: true, expires at: 1754655259646
[debug] [2025-08-08T11:22:27.479Z] >>> [apiv2][query] POST https://serviceusage.googleapis.com/v1/projects/volunteer-000/services/sqladmin.googleapis.com:enable [none]
[debug] [2025-08-08T11:22:27.479Z] >>> [apiv2][(partial)header] POST https://serviceusage.googleapis.com/v1/projects/volunteer-000/services/sqladmin.googleapis.com:enable x-goog-quota-user=projects/volunteer-000
[debug] [2025-08-08T11:22:29.052Z] <<< [apiv2][status] POST https://serviceusage.googleapis.com/v1/projects/volunteer-000/services/sqladmin.googleapis.com:enable 200
[debug] [2025-08-08T11:22:29.052Z] <<< [apiv2][body] POST https://serviceusage.googleapis.com/v1/projects/volunteer-000/services/sqladmin.googleapis.com:enable [omitted]
[info] i  dataconnect: ensuring required API firebasedataconnect.googleapis.com is enabled... 
[debug] [2025-08-08T11:22:39.070Z] Checked if tokens are valid: true, expires at: 1754655259646
[debug] [2025-08-08T11:22:39.070Z] Checked if tokens are valid: true, expires at: 1754655259646
[debug] [2025-08-08T11:22:39.071Z] >>> [apiv2][query] GET https://serviceusage.googleapis.com/v1/projects/volunteer-000/services/firebasedataconnect.googleapis.com [none]
[debug] [2025-08-08T11:22:39.071Z] >>> [apiv2][(partial)header] GET https://serviceusage.googleapis.com/v1/projects/volunteer-000/services/firebasedataconnect.googleapis.com x-goog-quota-user=projects/volunteer-000
[debug] [2025-08-08T11:22:42.026Z] <<< [apiv2][status] GET https://serviceusage.googleapis.com/v1/projects/volunteer-000/services/firebasedataconnect.googleapis.com 200
[debug] [2025-08-08T11:22:42.026Z] <<< [apiv2][body] GET https://serviceusage.googleapis.com/v1/projects/volunteer-000/services/firebasedataconnect.googleapis.com [omitted]
[warn] !  dataconnect: missing required API firebasedataconnect.googleapis.com. Enabling now... 
[debug] [2025-08-08T11:22:42.027Z] Checked if tokens are valid: true, expires at: 1754655259646
[debug] [2025-08-08T11:22:42.028Z] Checked if tokens are valid: true, expires at: 1754655259646
[debug] [2025-08-08T11:22:42.028Z] >>> [apiv2][query] POST https://serviceusage.googleapis.com/v1/projects/volunteer-000/services/firebasedataconnect.googleapis.com:enable [none]
[debug] [2025-08-08T11:22:42.029Z] >>> [apiv2][(partial)header] POST https://serviceusage.googleapis.com/v1/projects/volunteer-000/services/firebasedataconnect.googleapis.com:enable x-goog-quota-user=projects/volunteer-000
[debug] [2025-08-08T11:22:43.636Z] <<< [apiv2][status] POST https://serviceusage.googleapis.com/v1/projects/volunteer-000/services/firebasedataconnect.googleapis.com:enable 200
[debug] [2025-08-08T11:22:43.636Z] <<< [apiv2][body] POST https://serviceusage.googleapis.com/v1/projects/volunteer-000/services/firebasedataconnect.googleapis.com:enable [omitted]
[debug] [2025-08-08T11:22:53.660Z] Checked if tokens are valid: true, expires at: 1754655259646
[debug] [2025-08-08T11:22:53.660Z] Checked if tokens are valid: true, expires at: 1754655259646
[debug] [2025-08-08T11:22:53.661Z] >>> [apiv2][query] GET https://firebasedataconnect.googleapis.com/v1/projects/volunteer-000/locations/-/services [none]
[debug] [2025-08-08T11:22:57.911Z] <<< [apiv2][status] GET https://firebasedataconnect.googleapis.com/v1/projects/volunteer-000/locations/-/services 200
[debug] [2025-08-08T11:22:57.911Z] <<< [apiv2][body] GET https://firebasedataconnect.googleapis.com/v1/projects/volunteer-000/locations/-/services {}
[info] +  Wrote dataconnect\dataconnect.yaml 
[info] +  Wrote dataconnect\schema\schema.gql 
[info] +  Wrote dataconnect\connector\connector.yaml 
[info] +  Wrote dataconnect\connector\queries.gql 
[info] +  Wrote dataconnect\connector\mutations.gql 
[info] +  Detected WEB app in directory C:\Users\USER\Desktop\volunteering-website 
[info] i  Detected react app. Enabling react generated SDKs. 
[info] i  Writing your new SDK configuration to C:\Users\USER\Desktop\volunteering-website\dataconnect\connector/connector.yaml 
[info] +  Wrote dataconnect\connector\connector.yaml 
[info] i  dataconnect: downloading dataconnect-emulator-2.11.0.exe... {"metadata":{"emulator":{"name":"dataconnect"},"message":"downloading dataconnect-emulator-2.11.0.exe..."}}
[debug] [2025-08-08T11:23:03.686Z] >>> [apiv2][query] GET https://storage.googleapis.com/firemat-preview-drop/emulator/dataconnect-emulator-windows-v2.11.0 
[debug] [2025-08-08T11:23:04.867Z] <<< [apiv2][status] GET https://storage.googleapis.com/firemat-preview-drop/emulator/dataconnect-emulator-windows-v2.11.0 200
[debug] [2025-08-08T11:23:04.867Z] <<< [apiv2][body] GET https://storage.googleapis.com/firemat-preview-drop/emulator/dataconnect-emulator-windows-v2.11.0 [stream]
